<?xml version="1.0" encoding="UTF-8"?>
<!-- Generated by org.testng.reporters.JUnitXMLReporter -->
<testsuite ignored="0" hostname="Nitisha-Laptop" failures="1" tests="1" name="tests" time="0.046" errors="0" timestamp="2024-09-19T11:13:27 IST">
  <testcase classname="TestCases.Login" name="setUp" time="0.0">
    <failure type="org.testng.TestNGException" message="
Cannot inject @Test annotated Method [setUp] with [class java.lang.String].
For more information on native dependency injection please refer to https://testng.org/doc/documentation-main.html#native-dependency-injection">
      <![CDATA[org.testng.TestNGException: 
Cannot inject @Test annotated Method [setUp] with [class java.lang.String].
For more information on native dependency injection please refer to https://testng.org/doc/documentation-main.html#native-dependency-injection
at java.base/java.util.ArrayList.forEach(ArrayList.java:1511)
... Removed 26 stack frames]]>
    </failure>
  </testcase> <!-- setUp -->
</testsuite> <!-- tests -->
